<?xml version="1.0" encoding="UTF-8"?>
<testng-results ignored="0" total="1" passed="1" failed="0" skipped="0">
  <reporter-output>
  </reporter-output>
  <suite started-at="2026-05-21T10:54:17 IST" name="Default suite" finished-at="2026-05-21T10:54:28 IST" duration-ms="10173">
    <groups>
    </groups>
    <test started-at="2026-05-21T10:54:17 IST" name="Default test" finished-at="2026-05-21T10:54:28 IST" duration-ms="10173">
      <class name="Simple.Project1">
        <test-method signature="openGoogle()[pri:0, instance:Simple.Project1@1991f767]" started-at="2026-05-21T10:54:18 IST" name="openGoogle" finished-at="2026-05-21T10:54:28 IST" duration-ms="10006" status="PASS">
          <reporter-output>
          </reporter-output>
        </test-method> <!-- openGoogle -->
      </class> <!-- Simple.Project1 -->
    </test> <!-- Default test -->
  </suite> <!-- Default suite -->
</testng-results>
